# JRE version: OpenJDK Runtime Environment (21.0.5) (build 21.0.5+-12932927-b750.29)
# Java VM: OpenJDK 64-Bit Server VM (21.0.5+-12932927-b750.29, mixed mode, tiered, compressed oops, compressed class ptrs, g1 gc, windows-amd64)
GC Precious Log:
 CardTable entry size: 512
 Card Set container configuration: InlinePtr #cards 5 size 8 Array Of Cards #cards 12 size 40 Howl #buckets 4 coarsen threshold 1843 Howl Bitmap #cards 512 size 80 coarsen threshold 460 Card regions per heap region 1 cards per card region 2048
 CPUs: 8 total, 8 available
 Memory: 16270M
 Large Page Support: Disabled
 NUMA Support: Disabled
 Compressed Oops: Enabled (32-bit)
 Heap Region Size: 1M
 Heap Min Capacity: 8M
 Heap Initial Capacity: 256M
 Heap Max Capacity: 2G
 Pre-touch: Disabled
 Parallel Workers: 8
 Concurrent Workers: 2
 Concurrent Refinement Workers: 8
 Periodic GC: Disabled
Heap:
 garbage-first heap   total 124928K, used 81920K [0x0000000080000000, 0x0000000100000000)
  region size 1024K, 9 young (9216K), 5 survivors (5120K)
 Metaspace       used 77964K, committed 79808K, reserved 1179648K
  class space    used 10555K, committed 11456K, reserved 1048576K
GC Heap History (20 events):
Event: 9.116 GC heap before
{Heap before GC invocations=13 (full 0):
 garbage-first heap   total 89088K, used 52665K [0x0000000080000000, 0x0000000100000000)
  region size 1024K, 21 young (21504K), 6 survivors (6144K)
 Metaspace       used 59017K, committed 60480K, reserved 1114112K
  class space    used 7964K, committed 8704K, reserved 1048576K
}
Event: 9.120 GC heap after
{Heap after GC invocations=14 (full 0):
 garbage-first heap   total 89088K, used 39057K [0x0000000080000000, 0x0000000100000000)
  region size 1024K, 3 young (3072K), 3 survivors (3072K)
 Metaspace       used 59017K, committed 60480K, reserved 1114112K
  class space    used 7964K, committed 8704K, reserved 1048576K
}
Event: 9.826 GC heap before
{Heap before GC invocations=15 (full 0):
 garbage-first heap   total 89088K, used 78993K [0x0000000080000000, 0x0000000100000000)
  region size 1024K, 42 young (43008K), 3 survivors (3072K)
 Metaspace       used 64052K, committed 65728K, reserved 1114112K
  class space    used 8782K, committed 9600K, reserved 1048576K
}
Event: 9.832 GC heap after
{Heap after GC invocations=16 (full 0):
 garbage-first heap   total 89088K, used 41497K [0x0000000080000000, 0x0000000100000000)
  region size 1024K, 6 young (6144K), 6 survivors (6144K)
 Metaspace       used 64052K, committed 65728K, reserved 1114112K
  class space    used 8782K, committed 9600K, reserved 1048576K
}
Event: 10.486 GC heap before
{Heap before GC invocations=16 (full 0):
 garbage-first heap   total 89088K, used 75289K [0x0000000080000000, 0x0000000100000000)
  region size 1024K, 40 young (40960K), 6 survivors (6144K)
 Metaspace       used 66066K, committed 67776K, reserved 1114112K
  class space    used 9047K, committed 9920K, reserved 1048576K
}
Event: 10.496 GC heap after
{Heap after GC invocations=17 (full 0):
 garbage-first heap   total 89088K, used 46474K [0x0000000080000000, 0x0000000100000000)
  region size 1024K, 5 young (5120K), 5 survivors (5120K)
 Metaspace       used 66066K, committed 67776K, reserved 1114112K
  class space    used 9047K, committed 9920K, reserved 1048576K
}
Event: 10.753 GC heap before
{Heap before GC invocations=17 (full 0):
 garbage-first heap   total 89088K, used 76170K [0x0000000080000000, 0x0000000100000000)
  region size 1024K, 35 young (35840K), 5 survivors (5120K)
 Metaspace       used 66320K, committed 67968K, reserved 1114112K
  class space    used 9047K, committed 9920K, reserved 1048576K
}
Event: 10.760 GC heap after
{Heap after GC invocations=18 (full 0):
 garbage-first heap   total 107520K, used 48476K [0x0000000080000000, 0x0000000100000000)
  region size 1024K, 4 young (4096K), 4 survivors (4096K)
 Metaspace       used 66320K, committed 67968K, reserved 1114112K
  class space    used 9047K, committed 9920K, reserved 1048576K
}
Event: 11.182 GC heap before
{Heap before GC invocations=19 (full 0):
 garbage-first heap   total 107520K, used 92508K [0x0000000080000000, 0x0000000100000000)
  region size 1024K, 47 young (48128K), 4 survivors (4096K)
 Metaspace       used 66705K, committed 68416K, reserved 1114112K
  class space    used 9075K, committed 9920K, reserved 1048576K
}
Event: 11.187 GC heap after
{Heap after GC invocations=20 (full 0):
 garbage-first heap   total 107520K, used 49550K [0x0000000080000000, 0x0000000100000000)
  region size 1024K, 5 young (5120K), 5 survivors (5120K)
 Metaspace       used 66705K, committed 68416K, reserved 1114112K
  class space    used 9075K, committed 9920K, reserved 1048576K
}
Event: 11.599 GC heap before
{Heap before GC invocations=20 (full 0):
 garbage-first heap   total 107520K, used 92558K [0x0000000080000000, 0x0000000100000000)
  region size 1024K, 48 young (49152K), 5 survivors (5120K)
 Metaspace       used 66789K, committed 68480K, reserved 1114112K
  class space    used 9075K, committed 9920K, reserved 1048576K
}
Event: 11.607 GC heap after
{Heap after GC invocations=21 (full 0):
 garbage-first heap   total 107520K, used 49230K [0x0000000080000000, 0x0000000100000000)
  region size 1024K, 4 young (4096K), 4 survivors (4096K)
 Metaspace       used 66789K, committed 68480K, reserved 1114112K
  class space    used 9075K, committed 9920K, reserved 1048576K
}
Event: 11.963 GC heap before
{Heap before GC invocations=21 (full 0):
 garbage-first heap   total 107520K, used 93262K [0x0000000080000000, 0x0000000100000000)
  region size 1024K, 48 young (49152K), 4 survivors (4096K)
 Metaspace       used 66803K, committed 68480K, reserved 1114112K
  class space    used 9075K, committed 9920K, reserved 1048576K
}
Event: 11.968 GC heap after
{Heap after GC invocations=22 (full 0):
 garbage-first heap   total 107520K, used 50265K [0x0000000080000000, 0x0000000100000000)
  region size 1024K, 4 young (4096K), 4 survivors (4096K)
 Metaspace       used 66803K, committed 68480K, reserved 1114112K
  class space    used 9075K, committed 9920K, reserved 1048576K
}
Event: 12.751 GC heap before
{Heap before GC invocations=23 (full 0):
 garbage-first heap   total 107520K, used 105561K [0x0000000080000000, 0x0000000100000000)
  region size 1024K, 46 young (47104K), 4 survivors (4096K)
 Metaspace       used 68527K, committed 70208K, reserved 1114112K
  class space    used 9324K, committed 10176K, reserved 1048576K
}
Event: 12.758 GC heap after
{Heap after GC invocations=24 (full 0):
 garbage-first heap   total 118784K, used 70656K [0x0000000080000000, 0x0000000100000000)
  region size 1024K, 6 young (6144K), 6 survivors (6144K)
 Metaspace       used 68527K, committed 70208K, reserved 1114112K
  class space    used 9324K, committed 10176K, reserved 1048576K
}
Event: 13.420 GC heap before
{Heap before GC invocations=24 (full 0):
 garbage-first heap   total 118784K, used 104448K [0x0000000080000000, 0x0000000100000000)
  region size 1024K, 38 young (38912K), 6 survivors (6144K)
 Metaspace       used 71317K, committed 73024K, reserved 1114112K
  class space    used 9673K, committed 10560K, reserved 1048576K
}
Event: 13.427 GC heap after
{Heap after GC invocations=25 (full 0):
 garbage-first heap   total 118784K, used 72990K [0x0000000080000000, 0x0000000100000000)
  region size 1024K, 2 young (2048K), 2 survivors (2048K)
 Metaspace       used 71317K, committed 73024K, reserved 1114112K
  class space    used 9673K, committed 10560K, reserved 1048576K
}
Event: 14.055 GC heap before
{Heap before GC invocations=25 (full 0):
 garbage-first heap   total 118784K, used 104734K [0x0000000080000000, 0x0000000100000000)
  region size 1024K, 34 young (34816K), 2 survivors (2048K)
 Metaspace       used 75042K, committed 76800K, reserved 1179648K
  class space    used 10129K, committed 11008K, reserved 1048576K
}
Event: 14.060 GC heap after
{Heap after GC invocations=26 (full 0):
 garbage-first heap   total 118784K, used 73822K [0x0000000080000000, 0x0000000100000000)
  region size 1024K, 3 young (3072K), 3 survivors (3072K)
 Metaspace       used 75042K, committed 76800K, reserved 1179648K
  class space    used 10129K, committed 11008K, reserved 1048576K
}

